<?xml version="1.0" encoding="UTF-8"?>
<!-- Generated by org.testng.reporters.JUnitXMLReporter -->
<testsuite hostname="admin-PC" name="test_login" tests="7" failures="0" timestamp="22 Jul 2019 03:14:29 GMT" time="508.398" errors="0">
  <testcase name="login" time="114.249" classname="cn.baigolf.buss.LoginBuss"/>
  <testcase name="login" time="78.946" classname="cn.baigolf.buss.LoginBuss"/>
  <testcase name="login" time="58.018" classname="cn.baigolf.buss.LoginBuss"/>
  <testcase name="login" time="54.921" classname="cn.baigolf.buss.LoginBuss"/>
  <testcase name="login" time="55.63" classname="cn.baigolf.buss.LoginBuss"/>
  <testcase name="login" time="57.55" classname="cn.baigolf.buss.LoginBuss"/>
  <testcase name="login" time="56.191" classname="cn.baigolf.buss.LoginBuss"/>
</testsuite> <!-- test_login -->
