<?xml version="1.0" encoding="UTF-8"?>
<!-- Generated by org.testng.reporters.JUnitXMLReporter -->
<testsuite hostname="admin-PC" name="test_login" tests="7" failures="0" timestamp="25 Jul 2019 07:05:23 GMT" time="403.248" errors="0">
  <testcase name="login" time="49.765" classname="cn.baigolf.buss.LoginBuss"/>
  <testcase name="login" time="53.98" classname="cn.baigolf.buss.LoginBuss"/>
  <testcase name="login" time="47.261" classname="cn.baigolf.buss.LoginBuss"/>
  <testcase name="login" time="49.569" classname="cn.baigolf.buss.LoginBuss"/>
  <testcase name="login" time="48.527" classname="cn.baigolf.buss.LoginBuss"/>
  <testcase name="login" time="64.84" classname="cn.baigolf.buss.LoginBuss"/>
  <testcase name="login" time="59.558" classname="cn.baigolf.buss.LoginBuss"/>
</testsuite> <!-- test_login -->
