<?xml version="1.0" encoding="UTF-8"?>
<testng-results skipped="0" failed="0" total="9" passed="9">
  <reporter-output>
  </reporter-output>
  <suite name="suite_baigolf" duration-ms="403248" started-at="2019-07-25T06:58:39Z" finished-at="2019-07-25T07:05:23Z">
    <groups>
    </groups>
    <test name="test_Search" duration-ms="98299" started-at="2019-07-25T06:58:39Z" finished-at="2019-07-25T07:00:18Z">
      <class name="cn.baigolf.buss.SearchBuss">
        <test-method status="PASS" signature="testBeforeMethod()[pri:0, instance:cn.baigolf.buss.SearchBuss@57a3af25]" name="testBeforeMethod" is-config="true" duration-ms="5174" started-at="2019-07-25T14:58:40Z" finished-at="2019-07-25T14:58:45Z">
          <reporter-output>
          </reporter-output>
        </test-method> <!-- testBeforeMethod -->
        <test-method status="PASS" signature="search(java.lang.String, java.lang.String, java.lang.String, java.lang.String)[pri:0, instance:cn.baigolf.buss.SearchBuss@57a3af25]" name="search" duration-ms="43409" started-at="2019-07-25T14:58:45Z" data-provider="search_data" finished-at="2019-07-25T14:59:29Z">
          <params>
            <param index="0">
              <value>
                <![CDATA[1]]>
              </value>
            </param>
            <param index="1">
              <value>
                <![CDATA[https://dev.baigolf.com:9443/baigolf_web/]]>
              </value>
            </param>
            <param index="2">
              <value>
                <![CDATA[用户名:18316871034,密码:asdfgh,搜索地区或高尔夫球场:广州,场地:广州百高富豪球场,具体时段:10,打球人数:3,打球人姓名:张三、李四、王五,联系人:李四,手机号码:15912345678,账号余额:账号余额,支付宝:支付宝]]>
              </value>
            </param>
            <param index="3">
              <value>
                <![CDATA[]]>
              </value>
            </param>
          </params>
          <reporter-output>
          </reporter-output>
        </test-method> <!-- search -->
        <test-method status="PASS" signature="AfterMethod()[pri:0, instance:cn.baigolf.buss.SearchBuss@57a3af25]" name="AfterMethod" is-config="true" duration-ms="30" started-at="2019-07-25T14:59:29Z" finished-at="2019-07-25T14:59:29Z">
          <reporter-output>
          </reporter-output>
        </test-method> <!-- AfterMethod -->
        <test-method status="PASS" signature="testBeforeMethod()[pri:0, instance:cn.baigolf.buss.SearchBuss@57a3af25]" name="testBeforeMethod" is-config="true" duration-ms="3830" started-at="2019-07-25T14:59:29Z" finished-at="2019-07-25T14:59:33Z">
          <reporter-output>
          </reporter-output>
        </test-method> <!-- testBeforeMethod -->
        <test-method status="PASS" signature="search(java.lang.String, java.lang.String, java.lang.String, java.lang.String)[pri:0, instance:cn.baigolf.buss.SearchBuss@57a3af25]" name="search" duration-ms="45002" started-at="2019-07-25T14:59:33Z" data-provider="search_data" finished-at="2019-07-25T15:00:18Z">
          <params>
            <param index="0">
              <value>
                <![CDATA[2]]>
              </value>
            </param>
            <param index="1">
              <value>
                <![CDATA[https://dev.baigolf.com:9443/baigolf_web/]]>
              </value>
            </param>
            <param index="2">
              <value>
                <![CDATA[用户名:18316871034,密码:asdfgh,搜索地区或高尔夫球场:广州,场地:广州百高富豪球场,具体时段:10,打球人数:3,打球人姓名:张三、李四、王五,联系人:李四,手机号码:15912345678,账号余额:账号余额,支付宝:支付宝]]>
              </value>
            </param>
            <param index="3">
              <value>
                <![CDATA[]]>
              </value>
            </param>
          </params>
          <reporter-output>
          </reporter-output>
        </test-method> <!-- search -->
        <test-method status="PASS" signature="AfterMethod()[pri:0, instance:cn.baigolf.buss.SearchBuss@57a3af25]" name="AfterMethod" is-config="true" duration-ms="32" started-at="2019-07-25T15:00:18Z" finished-at="2019-07-25T15:00:18Z">
          <reporter-output>
          </reporter-output>
        </test-method> <!-- AfterMethod -->
      </class> <!-- cn.baigolf.buss.SearchBuss -->
    </test> <!-- test_Search -->
    <test name="test_login" duration-ms="403248" started-at="2019-07-25T06:58:39Z" finished-at="2019-07-25T07:05:23Z">
      <class name="cn.baigolf.buss.LoginBuss">
        <test-method status="PASS" signature="testBeforeMethod()[pri:0, instance:cn.baigolf.buss.LoginBuss@72d1ad2e]" name="testBeforeMethod" is-config="true" duration-ms="5496" started-at="2019-07-25T14:58:40Z" finished-at="2019-07-25T14:58:46Z">
          <reporter-output>
          </reporter-output>
        </test-method> <!-- testBeforeMethod -->
        <test-method status="PASS" signature="login(java.lang.String, java.lang.String, java.lang.String, java.lang.String)[pri:0, instance:cn.baigolf.buss.LoginBuss@72d1ad2e]" name="login" duration-ms="49765" started-at="2019-07-25T14:58:46Z" data-provider="longin_data" finished-at="2019-07-25T14:59:35Z">
          <params>
            <param index="0">
              <value>
                <![CDATA[1]]>
              </value>
            </param>
            <param index="1">
              <value>
                <![CDATA[https://dev.baigolf.com:9443/baigolf_web/]]>
              </value>
            </param>
            <param index="2">
              <value>
                <![CDATA[用户名:18316871034,密码:asdfgh]]>
              </value>
            </param>
            <param index="3">
              <value>
                <![CDATA[]]>
              </value>
            </param>
          </params>
          <reporter-output>
          </reporter-output>
        </test-method> <!-- login -->
        <test-method status="PASS" signature="AfterMethod()[pri:0, instance:cn.baigolf.buss.LoginBuss@72d1ad2e]" name="AfterMethod" is-config="true" duration-ms="22" started-at="2019-07-25T14:59:35Z" finished-at="2019-07-25T14:59:36Z">
          <reporter-output>
          </reporter-output>
        </test-method> <!-- AfterMethod -->
        <test-method status="PASS" signature="testBeforeMethod()[pri:0, instance:cn.baigolf.buss.LoginBuss@72d1ad2e]" name="testBeforeMethod" is-config="true" duration-ms="3899" started-at="2019-07-25T14:59:36Z" finished-at="2019-07-25T14:59:39Z">
          <reporter-output>
          </reporter-output>
        </test-method> <!-- testBeforeMethod -->
        <test-method status="PASS" signature="login(java.lang.String, java.lang.String, java.lang.String, java.lang.String)[pri:0, instance:cn.baigolf.buss.LoginBuss@72d1ad2e]" name="login" duration-ms="53980" started-at="2019-07-25T14:59:39Z" data-provider="longin_data" finished-at="2019-07-25T15:00:33Z">
          <params>
            <param index="0">
              <value>
                <![CDATA[2]]>
              </value>
            </param>
            <param index="1">
              <value>
                <![CDATA[https://dev.baigolf.com:9443/baigolf_web/]]>
              </value>
            </param>
            <param index="2">
              <value>
                <![CDATA[用户名:,密码:123456]]>
              </value>
            </param>
            <param index="3">
              <value>
                <![CDATA[请输入用户名]]>
              </value>
            </param>
          </params>
          <reporter-output>
          </reporter-output>
        </test-method> <!-- login -->
        <test-method status="PASS" signature="AfterMethod()[pri:0, instance:cn.baigolf.buss.LoginBuss@72d1ad2e]" name="AfterMethod" is-config="true" duration-ms="31" started-at="2019-07-25T15:00:33Z" finished-at="2019-07-25T15:00:33Z">
          <reporter-output>
          </reporter-output>
        </test-method> <!-- AfterMethod -->
        <test-method status="PASS" signature="testBeforeMethod()[pri:0, instance:cn.baigolf.buss.LoginBuss@72d1ad2e]" name="testBeforeMethod" is-config="true" duration-ms="3969" started-at="2019-07-25T15:00:33Z" finished-at="2019-07-25T15:00:37Z">
          <reporter-output>
          </reporter-output>
        </test-method> <!-- testBeforeMethod -->
        <test-method status="PASS" signature="login(java.lang.String, java.lang.String, java.lang.String, java.lang.String)[pri:0, instance:cn.baigolf.buss.LoginBuss@72d1ad2e]" name="login" duration-ms="47261" started-at="2019-07-25T15:00:37Z" data-provider="longin_data" finished-at="2019-07-25T15:01:25Z">
          <params>
            <param index="0">
              <value>
                <![CDATA[3]]>
              </value>
            </param>
            <param index="1">
              <value>
                <![CDATA[https://dev.baigolf.com:9443/baigolf_web/]]>
              </value>
            </param>
            <param index="2">
              <value>
                <![CDATA[用户名:54909805@qq.com,密码:]]>
              </value>
            </param>
            <param index="3">
              <value>
                <![CDATA[请输入密码]]>
              </value>
            </param>
          </params>
          <reporter-output>
          </reporter-output>
        </test-method> <!-- login -->
        <test-method status="PASS" signature="AfterMethod()[pri:0, instance:cn.baigolf.buss.LoginBuss@72d1ad2e]" name="AfterMethod" is-config="true" duration-ms="31" started-at="2019-07-25T15:01:25Z" finished-at="2019-07-25T15:01:25Z">
          <reporter-output>
          </reporter-output>
        </test-method> <!-- AfterMethod -->
        <test-method status="PASS" signature="testBeforeMethod()[pri:0, instance:cn.baigolf.buss.LoginBuss@72d1ad2e]" name="testBeforeMethod" is-config="true" duration-ms="3830" started-at="2019-07-25T15:01:25Z" finished-at="2019-07-25T15:01:29Z">
          <reporter-output>
          </reporter-output>
        </test-method> <!-- testBeforeMethod -->
        <test-method status="PASS" signature="login(java.lang.String, java.lang.String, java.lang.String, java.lang.String)[pri:0, instance:cn.baigolf.buss.LoginBuss@72d1ad2e]" name="login" duration-ms="49569" started-at="2019-07-25T15:01:29Z" data-provider="longin_data" finished-at="2019-07-25T15:02:18Z">
          <params>
            <param index="0">
              <value>
                <![CDATA[4]]>
              </value>
            </param>
            <param index="1">
              <value>
                <![CDATA[https://dev.baigolf.com:9443/baigolf_web/]]>
              </value>
            </param>
            <param index="2">
              <value>
                <![CDATA[用户名:,密码:]]>
              </value>
            </param>
            <param index="3">
              <value>
                <![CDATA[请输入用户名和密码]]>
              </value>
            </param>
          </params>
          <reporter-output>
          </reporter-output>
        </test-method> <!-- login -->
        <test-method status="PASS" signature="AfterMethod()[pri:0, instance:cn.baigolf.buss.LoginBuss@72d1ad2e]" name="AfterMethod" is-config="true" duration-ms="27" started-at="2019-07-25T15:02:18Z" finished-at="2019-07-25T15:02:18Z">
          <reporter-output>
          </reporter-output>
        </test-method> <!-- AfterMethod -->
        <test-method status="PASS" signature="testBeforeMethod()[pri:0, instance:cn.baigolf.buss.LoginBuss@72d1ad2e]" name="testBeforeMethod" is-config="true" duration-ms="3798" started-at="2019-07-25T15:02:18Z" finished-at="2019-07-25T15:02:22Z">
          <reporter-output>
          </reporter-output>
        </test-method> <!-- testBeforeMethod -->
        <test-method status="PASS" signature="login(java.lang.String, java.lang.String, java.lang.String, java.lang.String)[pri:0, instance:cn.baigolf.buss.LoginBuss@72d1ad2e]" name="login" duration-ms="48527" started-at="2019-07-25T15:02:22Z" data-provider="longin_data" finished-at="2019-07-25T15:03:10Z">
          <params>
            <param index="0">
              <value>
                <![CDATA[5]]>
              </value>
            </param>
            <param index="1">
              <value>
                <![CDATA[https://dev.baigolf.com:9443/baigolf_web/]]>
              </value>
            </param>
            <param index="2">
              <value>
                <![CDATA[用户名:549098,密码:54909805]]>
              </value>
            </param>
            <param index="3">
              <value>
                <![CDATA[您输入的账号或密码有误]]>
              </value>
            </param>
          </params>
          <reporter-output>
          </reporter-output>
        </test-method> <!-- login -->
        <test-method status="PASS" signature="AfterMethod()[pri:0, instance:cn.baigolf.buss.LoginBuss@72d1ad2e]" name="AfterMethod" is-config="true" duration-ms="21" started-at="2019-07-25T15:03:10Z" finished-at="2019-07-25T15:03:10Z">
          <reporter-output>
          </reporter-output>
        </test-method> <!-- AfterMethod -->
        <test-method status="PASS" signature="testBeforeMethod()[pri:0, instance:cn.baigolf.buss.LoginBuss@72d1ad2e]" name="testBeforeMethod" is-config="true" duration-ms="3871" started-at="2019-07-25T15:03:10Z" finished-at="2019-07-25T15:03:14Z">
          <reporter-output>
          </reporter-output>
        </test-method> <!-- testBeforeMethod -->
        <test-method status="PASS" signature="login(java.lang.String, java.lang.String, java.lang.String, java.lang.String)[pri:0, instance:cn.baigolf.buss.LoginBuss@72d1ad2e]" name="login" duration-ms="64840" started-at="2019-07-25T15:03:14Z" data-provider="longin_data" finished-at="2019-07-25T15:04:19Z">
          <params>
            <param index="0">
              <value>
                <![CDATA[6]]>
              </value>
            </param>
            <param index="1">
              <value>
                <![CDATA[https://dev.baigolf.com:9443/baigolf_web/]]>
              </value>
            </param>
            <param index="2">
              <value>
                <![CDATA[用户名:54909805@qq.com,密码:54909"]]>
              </value>
            </param>
            <param index="3">
              <value>
                <![CDATA[您输入的账号或密码有误]]>
              </value>
            </param>
          </params>
          <reporter-output>
          </reporter-output>
        </test-method> <!-- login -->
        <test-method status="PASS" signature="AfterMethod()[pri:0, instance:cn.baigolf.buss.LoginBuss@72d1ad2e]" name="AfterMethod" is-config="true" duration-ms="32" started-at="2019-07-25T15:04:19Z" finished-at="2019-07-25T15:04:19Z">
          <reporter-output>
          </reporter-output>
        </test-method> <!-- AfterMethod -->
        <test-method status="PASS" signature="testBeforeMethod()[pri:0, instance:cn.baigolf.buss.LoginBuss@72d1ad2e]" name="testBeforeMethod" is-config="true" duration-ms="3800" started-at="2019-07-25T15:04:19Z" finished-at="2019-07-25T15:04:23Z">
          <reporter-output>
          </reporter-output>
        </test-method> <!-- testBeforeMethod -->
        <test-method status="PASS" signature="login(java.lang.String, java.lang.String, java.lang.String, java.lang.String)[pri:0, instance:cn.baigolf.buss.LoginBuss@72d1ad2e]" name="login" duration-ms="59558" started-at="2019-07-25T15:04:23Z" data-provider="longin_data" finished-at="2019-07-25T15:05:23Z">
          <params>
            <param index="0">
              <value>
                <![CDATA[7]]>
              </value>
            </param>
            <param index="1">
              <value>
                <![CDATA[https://dev.baigolf.com:9443/baigolf_web/]]>
              </value>
            </param>
            <param index="2">
              <value>
                <![CDATA[用户名:5,密码:54909']]>
              </value>
            </param>
            <param index="3">
              <value>
                <![CDATA[请在手机号码前添加国家代码]]>
              </value>
            </param>
          </params>
          <reporter-output>
          </reporter-output>
        </test-method> <!-- login -->
        <test-method status="PASS" signature="AfterMethod()[pri:0, instance:cn.baigolf.buss.LoginBuss@72d1ad2e]" name="AfterMethod" is-config="true" duration-ms="31" started-at="2019-07-25T15:05:23Z" finished-at="2019-07-25T15:05:23Z">
          <reporter-output>
          </reporter-output>
        </test-method> <!-- AfterMethod -->
      </class> <!-- cn.baigolf.buss.LoginBuss -->
    </test> <!-- test_login -->
  </suite> <!-- suite_baigolf -->
</testng-results>
