<?xml version="1.0" encoding="UTF-8" ?>
<testsuite tests="8" failures="0" name="TestSuite" time="509.96" errors="0" skipped="0">
  <properties>
[...]
</properties>
  <testcase classname="cn.baigolf.buss.LoginBuss" name="login" time="114.095"/>
  <testcase classname="cn.baigolf.buss.SearchBuss" name="search" time="44.681"/>
  <testcase classname="cn.baigolf.buss.LoginBuss" name="login" time="78.946"/>
  <testcase classname="cn.baigolf.buss.LoginBuss" name="login" time="58.018"/>
  <testcase classname="cn.baigolf.buss.LoginBuss" name="login" time="54.921"/>
  <testcase classname="cn.baigolf.buss.LoginBuss" name="login" time="55.63"/>
  <testcase classname="cn.baigolf.buss.LoginBuss" name="login" time="57.55"/>
  <testcase classname="cn.baigolf.buss.LoginBuss" name="login" time="56.191"/>
</testsuite>