<?xml version="1.0" encoding="UTF-8"?>
<testsuite name="test_login"
           tests="7"
           failures="0"
           errors="0"
           skipped="0"
           time="288.677">
  <properties />
  
  
            <testcase name="login" time="44.261" classname="cn.baigolf.buss.LoginBuss" />
                <testcase name="login" time="44.338" classname="cn.baigolf.buss.LoginBuss" />
                <testcase name="login" time="44.621" classname="cn.baigolf.buss.LoginBuss" />
                <testcase name="login" time="45.026" classname="cn.baigolf.buss.LoginBuss" />
                <testcase name="login" time="45.439" classname="cn.baigolf.buss.LoginBuss" />
                <testcase name="login" time="20.578" classname="cn.baigolf.buss.LoginBuss" />
                <testcase name="login" time="44.414" classname="cn.baigolf.buss.LoginBuss" />
      
</testsuite>
