<?xml version="1.0" encoding="UTF-8"?>
<testsuite name="test_login"
           tests="7"
           failures="0"
           errors="0"
           skipped="0"
           time="373.500">
  <properties />
  
  
            <testcase name="login" time="48.527" classname="cn.baigolf.buss.LoginBuss" />
                <testcase name="login" time="64.840" classname="cn.baigolf.buss.LoginBuss" />
                <testcase name="login" time="53.980" classname="cn.baigolf.buss.LoginBuss" />
                <testcase name="login" time="47.261" classname="cn.baigolf.buss.LoginBuss" />
                <testcase name="login" time="49.569" classname="cn.baigolf.buss.LoginBuss" />
                <testcase name="login" time="59.558" classname="cn.baigolf.buss.LoginBuss" />
                <testcase name="login" time="49.765" classname="cn.baigolf.buss.LoginBuss" />
      
</testsuite>
